#-----------------------------------------------------------
# PlanAhead v14.7
# Build 321239 by xbuild on Fri Sep 27 19:31:35 MDT 2013
# Start of session at: Tue Mar 15 13:24:15 2016
# Process ID: 3520
# Log file: D:/Lab7exp9/planAhead_run_2/planAhead.log
# Journal file: D:/Lab7exp9/planAhead_run_2/planAhead.jou
#-----------------------------------------------------------
INFO: [Common 17-78] Attempting to get a license: PlanAhead
INFO: [Common 17-290] Got license for PlanAhead
INFO: [Common 17-86] Your PlanAhead license expires in -866 day(s)
INFO: [Device 21-36] Loading parts and site information from C:/Xilinx/14.7/ISE_DS/PlanAhead/data/parts/arch.xml
Parsing RTL primitives file [C:/Xilinx/14.7/ISE_DS/PlanAhead/data/parts/xilinx/rtl/prims/rtl_prims.xml]
Finished parsing RTL primitives file [C:/Xilinx/14.7/ISE_DS/PlanAhead/data/parts/xilinx/rtl/prims/rtl_prims.xml]
start_gui
source D:/Lab7exp9/pa.fromNetlist.tcl
# create_project -name Lab7exp9 -dir "D:/Lab7exp9/planAhead_run_2" -part xc3s100ecp132-4
# set_property design_mode GateLvl [get_property srcset [current_run -impl]]
# set_property edif_top_file "D:/Lab7exp9/L7exp9final.ngc" [ get_property srcset [ current_run ] ]
# add_files -norecurse { {D:/Lab7exp9} }
# set_param project.pinAheadLayout  yes
# set_property target_constrs_file "L7exp9final.ucf" [current_fileset -constrset]
Adding file 'D:/Lab7exp9/L7exp9final.ucf' to fileset 'constrs_1'
# add_files [list {L7exp9final.ucf}] -fileset [get_property constrset [current_run]]
# link_design
Design is defaulting to srcset: sources_1
Design is defaulting to constrset: constrs_1
Design is defaulting to project part: xc3s100ecp132-4
Release 14.7 - ngc2edif P.20131013 (nt)
Copyright (c) 1995-2013 Xilinx, Inc.  All rights reserved.

Release 14.7 - ngc2edif P.20131013 (nt)
Copyright (c) 1995-2013 Xilinx, Inc.  All rights reserved.
Reading design L7exp9final.ngc ...
WARNING:NetListWriters:298 - No output is written to L7exp9final.xncf, ignored.
Processing design ...
   Preping design's networks ...
   Preping design's macros ...
WARNING:NetListWriters:306 - Signal bus XLXI_15/Mcompar_cnt1_cmp_gt0000_lut<13 :
   0> on block L7exp9final is not reconstructed, because there are some missing
   bus signals.
  finished :Prep
Writing EDIF netlist file L7exp9final.edif ...
ngc2edif: Total memory usage is 74068 kilobytes

Parsing EDIF File [./planAhead_run_2/Lab7exp9.data/cache/L7exp9final_ngc_zx.edif]
Finished Parsing EDIF File [./planAhead_run_2/Lab7exp9.data/cache/L7exp9final_ngc_zx.edif]
INFO: [Designutils 20-910] Reading macro library C:/Xilinx/14.7/ISE_DS/PlanAhead/data\./parts/xilinx/spartan3e/spartan3e/hd_int_macros.edn
Parsing EDIF File [C:/Xilinx/14.7/ISE_DS/PlanAhead/data\./parts/xilinx/spartan3e/spartan3e/hd_int_macros.edn]
Finished Parsing EDIF File [C:/Xilinx/14.7/ISE_DS/PlanAhead/data\./parts/xilinx/spartan3e/spartan3e/hd_int_macros.edn]
Loading clock regions from C:/Xilinx/14.7/ISE_DS/PlanAhead/data\parts/xilinx/spartan3e/spartan3e/xc3s100e/ClockRegion.xml
Loading clock buffers from C:/Xilinx/14.7/ISE_DS/PlanAhead/data\parts/xilinx/spartan3e/spartan3e/xc3s100e/ClockBuffers.xml
Loading package from C:/Xilinx/14.7/ISE_DS/PlanAhead/data\parts/xilinx/spartan3e/spartan3e/xc3s100e/cp132/Package.xml
Loading io standards from C:/Xilinx/14.7/ISE_DS/PlanAhead/data\./parts/xilinx/spartan3e/IOStandards.xml
INFO: [Device 21-19] Loading pkg sso from C:/Xilinx/14.7/ISE_DS/PlanAhead/data\parts/xilinx/spartan3e/spartan3e/xc3s100e/cp132/SSORules.xml
Loading list of drcs for the architecture : C:/Xilinx/14.7/ISE_DS/PlanAhead/data\./parts/xilinx/spartan3e/spartan3e/drc.xml
INFO: [Timing 38-77] Reading timing library C:/Xilinx/14.7/ISE_DS/PlanAhead/data\parts/xilinx/spartan3e/spartan3e/spartan3e-4.lib.
INFO: [Timing 38-34] Done reading timing library C:/Xilinx/14.7/ISE_DS/PlanAhead/data\parts/xilinx/spartan3e/spartan3e/spartan3e-4.lib.
Parsing UCF File [D:/Lab7exp9/L7exp9final.ucf]
CRITICAL WARNING: [Constraints 18-11] Could not find net or pin 'D[3]' [D:/Lab7exp9/L7exp9final.ucf:9]
CRITICAL WARNING: [Constraints 18-11] Could not find net or pin 'D[2]' [D:/Lab7exp9/L7exp9final.ucf:10]
CRITICAL WARNING: [Constraints 18-11] Could not find net or pin 'D[1]' [D:/Lab7exp9/L7exp9final.ucf:11]
CRITICAL WARNING: [Constraints 18-11] Could not find net or pin 'D[0]' [D:/Lab7exp9/L7exp9final.ucf:12]
CRITICAL WARNING: [Constraints 18-11] Could not find net or pin 'CE_A' [D:/Lab7exp9/L7exp9final.ucf:16]
CRITICAL WARNING: [Constraints 18-11] Could not find net or pin 'CE_D' [D:/Lab7exp9/L7exp9final.ucf:17]
CRITICAL WARNING: [Constraints 18-11] Could not find net or pin 'CE_R' [D:/Lab7exp9/L7exp9final.ucf:18]
Finished Parsing UCF File [D:/Lab7exp9/L7exp9final.ucf]
INFO: [Designutils 20-20] Invalid constraints found, use command 'write_ucf -constraints invalid <file>' to save all the invalid constraints to a file
INFO: [Project 1-111] Unisim Transformation Summary:
No Unisim elements were transformed.

Phase 0 | Netlist Checksum: ecb911c4
link_design: Time (s): elapsed = 00:00:08 . Memory (MB): peak = 480.078 ; gain = 80.512
startgroup
set_property package_pin A7 [get_ports WE]
endgroup
startgroup
set_property package_pin M5 [get_ports {Qout[0]}]
endgroup
startgroup
set_property package_pin M11 [get_ports {Qout[1]}]
endgroup
startgroup
set_property package_pin G3 [get_ports {Addrbits[0]}]
endgroup
startgroup
set_property package_pin F3 [get_ports {Addrbits[1]}]
endgroup
startgroup
set_property package_pin E2 [get_ports {Addrbits[2]}]
endgroup
startgroup
set_property package_pin P11 [get_ports {DataBits[0]}]
endgroup
startgroup
set_property package_pin L3 [get_ports {DataBits[1]}]
endgroup
startgroup
set_property package_pin K3 [get_ports {DataBits[2]}]
endgroup
startgroup
set_property package_pin B4 [get_ports {DataBits[3]}]
endgroup
save_constraints
exit
ERROR: [PlanAhead 12-106] *** Exception: ui.h.b: Found deleted key in HTclEventBroker. Verify if the classes listed here call cleanup()
HTclEvent: SIGNAL_MODIFY   Classes: ui.views.aR 
HTclEvent: DEBUG_PORT_CONFIG_CHANGE   Classes: ui.views.aR 
HTclEvent: DEBUG_CORE_CONFIG_CHANGE   Classes: ui.views.aR 
HTclEvent: SIGNAL_BUS_MODIFY   Classes: ui.views.aR 
 (See D:/Lab7exp9\planAhead_pid3520.debug)
ERROR: [Common 17-39] 'stop_gui' failed due to earlier errors.
INFO: [Common 17-206] Exiting PlanAhead at Tue Mar 15 13:26:32 2016...
INFO: [Common 17-83] Releasing license: PlanAhead
