--------------------------------------------------------------------------------
Release 14.7 Trace  (nt64)
Copyright (c) 1995-2013 Xilinx, Inc.  All rights reserved.

C:\Xilinx\14.7\ISE_DS\ISE\bin\nt64\unwrapped\trce.exe -intstyle ise -v 3 -s 4
-n 3 -fastpaths -xml ex2.twx ex2.ncd -o ex2.twr ex2.pcf -ucf ex2.ucf

Design file:              ex2.ncd
Physical constraint file: ex2.pcf
Device,package,speed:     xc3s100e,cp132,-4 (PRODUCTION 1.27 2013-10-13)
Report level:             verbose report

Environment Variable      Effect 
--------------------      ------ 
NONE                      No environment variables were set
--------------------------------------------------------------------------------

INFO:Timing:2698 - No timing constraints found, doing default enumeration.
INFO:Timing:3412 - To improve timing, see the Timing Closure User Guide (UG612).
INFO:Timing:2752 - To get complete path coverage, use the unconstrained paths 
   option. All paths that are not constrained will be reported in the 
   unconstrained paths section(s) of the report.
INFO:Timing:3339 - The clock-to-out numbers in this timing report are based on 
   a 50 Ohm transmission line loading model.  For the details of this model, 
   and for more information on accounting for different loading conditions, 
   please see the device datasheet.
INFO:Timing:3390 - This architecture does not support a default System Jitter 
   value, please add SYSTEM_JITTER constraint to the UCF to modify the Clock 
   Uncertainty calculation.
INFO:Timing:3389 - This architecture does not support 'Discrete Jitter' and 
   'Phase Error' calculations, these terms will be zero in the Clock 
   Uncertainty calculation.  Please make appropriate modification to 
   SYSTEM_JITTER to account for the unsupported Discrete Jitter and Phase 
   Error.



Data Sheet report:
-----------------
All values displayed in nanoseconds (ns)

Pad to Pad
---------------+---------------+---------+
Source Pad     |Destination Pad|  Delay  |
---------------+---------------+---------+
A<0>           |S0             |    6.670|
A<0>           |S1             |    7.240|
A<0>           |S2             |    9.694|
A<0>           |S3             |   10.733|
A<0>           |cout           |   10.951|
A<1>           |S1             |    8.092|
A<1>           |S2             |    7.419|
A<1>           |S3             |   10.343|
A<1>           |cout           |   10.561|
A<2>           |S2             |   11.395|
A<2>           |S3             |    8.863|
A<2>           |cout           |    8.957|
A<3>           |S3             |    9.257|
A<3>           |cout           |    7.940|
B<0>           |S0             |    7.546|
B<0>           |S1             |    8.181|
B<0>           |S2             |    9.923|
B<0>           |S3             |   10.962|
B<0>           |cout           |   11.180|
B<1>           |S1             |    8.860|
B<1>           |S2             |    9.008|
B<1>           |S3             |   10.311|
B<1>           |cout           |   10.529|
B<2>           |S2             |    9.791|
B<2>           |S3             |    9.005|
B<2>           |cout           |    8.619|
B<3>           |S3             |    9.625|
B<3>           |cout           |    8.434|
Sub            |S1             |    9.009|
Sub            |S2             |   10.561|
Sub            |S3             |   11.600|
Sub            |cout           |   11.818|
---------------+---------------+---------+


Analysis completed Tue Feb 21 11:42:45 2017 
--------------------------------------------------------------------------------

Trace Settings:
-------------------------
Trace Settings 

Peak Memory Usage: 162 MB



