#-----------------------------------------------------------
# PlanAhead v14.7 (64-bit)
# Build 321239 by xbuild on Fri Sep 27 19:29:51 MDT 2013
# Start of session at: Tue Feb 28 11:23:07 2017
# Process ID: 9456
# Log file: C:/Users/rjuan/Desktop/ISEProjects/lab6/lab6Experiments/planAhead_run_3/planAhead.log
# Journal file: C:/Users/rjuan/Desktop/ISEProjects/lab6/lab6Experiments/planAhead_run_3\planAhead.jou
#-----------------------------------------------------------
INFO: [Common 17-78] Attempting to get a license: PlanAhead
INFO: [Common 17-290] Got license for PlanAhead
INFO: [Common 17-86] Your PlanAhead license expires in -1216 day(s)
INFO: [Device 21-36] Loading parts and site information from C:/Xilinx/14.7/ISE_DS/PlanAhead/data/parts/arch.xml
Parsing RTL primitives file [C:/Xilinx/14.7/ISE_DS/PlanAhead/data/parts/xilinx/rtl/prims/rtl_prims.xml]
Finished parsing RTL primitives file [C:/Xilinx/14.7/ISE_DS/PlanAhead/data/parts/xilinx/rtl/prims/rtl_prims.xml]
start_gui
open_project {C:\Users\rjuan\Desktop\ISEProjects\lab6\lab6Experiments\planAhead_run_3\lab6Experiments.ppr}
Scanning sources...
Finished scanning sources
Qt: Untested Windows version 6.2 detected!
[0x7FFF78A470E3] ANOMALY: use of REX.w is meaningless (default operand size is 64)
[0x7FFF78A470E3] ANOMALY: use of REX.w is meaningless (default operand size is 64)
exit
INFO: [Common 17-206] Exiting PlanAhead at Tue Feb 28 11:23:35 2017...
INFO: [Common 17-83] Releasing license: PlanAhead
