Release 14.7 - ngc2edif P.20131013 (nt)
Copyright (c) 1995-2013 Xilinx, Inc.  All rights reserved.
Reading design lab7exp10.ngc ...
WARNING:NetListWriters:298 - No output is written to lab7exp10.xncf, ignored.
Processing design ...
   Preping design's networks ...
   Preping design's macros ...
  finished :Prep
Writing EDIF netlist file lab7exp10.edif ...
ngc2edif: Total memory usage is 70408 kilobytes

Release 14.7 - ngc2edif P.20131013 (nt)
Copyright (c) 1995-2013 Xilinx, Inc.  All rights reserved.
Reading design lab7exp10.ngc ...
WARNING:NetListWriters:298 - No output is written to lab7exp10.xncf, ignored.
Processing design ...
   Preping design's networks ...
   Preping design's macros ...
  finished :Prep
Writing EDIF netlist file lab7exp10.edif ...
ngc2edif: Total memory usage is 70728 kilobytes

Release 14.7 - ngc2edif P.20131013 (nt)
Copyright (c) 1995-2013 Xilinx, Inc.  All rights reserved.
Reading design lab7exp10.ngc ...
WARNING:NetListWriters:298 - No output is written to lab7exp10.xncf, ignored.
Processing design ...
   Preping design's networks ...
   Preping design's macros ...
  finished :Prep
Writing EDIF netlist file lab7exp10.edif ...
ngc2edif: Total memory usage is 70792 kilobytes

