Release 14.7 - xst P.20131013 (nt64)
Copyright (c) 1995-2013 Xilinx, Inc.  All rights reserved.
--> Parameter TMPDIR set to xst/projnav.tmp


Total REAL time to Xst completion: 1.00 secs
Total CPU time to Xst completion: 0.45 secs
 
--> Parameter xsthdpdir set to xst


Total REAL time to Xst completion: 1.00 secs
Total CPU time to Xst completion: 0.46 secs
 
--> Reading design: cla.prj

TABLE OF CONTENTS
  1) Synthesis Options Summary
  2) HDL Compilation
  3) Design Hierarchy Analysis
  4) HDL Analysis
  5) HDL Synthesis
     5.1) HDL Synthesis Report
  6) Advanced HDL Synthesis
     6.1) Advanced HDL Synthesis Report
  7) Low Level Synthesis
  8) Partition Report
  9) Final Report
	9.1) Device utilization summary
	9.2) Partition Resource Summary
	9.3) TIMING REPORT


=========================================================================
*                      Synthesis Options Summary                        *
=========================================================================
---- Source Parameters
Input File Name                    : "cla.prj"
Input Format                       : mixed
Ignore Synthesis Constraint File   : NO

---- Target Parameters
Output File Name                   : "cla"
Output Format                      : NGC
Target Device                      : xc3s100e-4-cp132

---- Source Options
Top Module Name                    : cla
Automatic FSM Extraction           : YES
FSM Encoding Algorithm             : Auto
Safe Implementation                : No
FSM Style                          : LUT
RAM Extraction                     : Yes
RAM Style                          : Auto
ROM Extraction                     : Yes
Mux Style                          : Auto
Decoder Extraction                 : YES
Priority Encoder Extraction        : Yes
Shift Register Extraction          : YES
Logical Shifter Extraction         : YES
XOR Collapsing                     : YES
ROM Style                          : Auto
Mux Extraction                     : Yes
Resource Sharing                   : YES
Asynchronous To Synchronous        : NO
Multiplier Style                   : Auto
Automatic Register Balancing       : No

---- Target Options
Add IO Buffers                     : YES
Global Maximum Fanout              : 100000
Add Generic Clock Buffer(BUFG)     : 24
Register Duplication               : YES
Slice Packing                      : YES
Optimize Instantiated Primitives   : NO
Use Clock Enable                   : Yes
Use Synchronous Set                : Yes
Use Synchronous Reset              : Yes
Pack IO Registers into IOBs        : Auto
Equivalent register Removal        : YES

---- General Options
Optimization Goal                  : Speed
Optimization Effort                : 1
Keep Hierarchy                     : No
Netlist Hierarchy                  : As_Optimized
RTL Output                         : Yes
Global Optimization                : AllClockNets
Read Cores                         : YES
Write Timing Constraints           : NO
Cross Clock Analysis               : NO
Hierarchy Separator                : /
Bus Delimiter                      : <>
Case Specifier                     : Maintain
Slice Utilization Ratio            : 100
BRAM Utilization Ratio             : 100
Verilog 2001                       : YES
Auto BRAM Packing                  : NO
Slice Utilization Ratio Delta      : 5

=========================================================================


=========================================================================
*                          HDL Compilation                              *
=========================================================================
Compiling vhdl file "C:/Users/rjuan/Desktop/ISEProjects/lab5/carryAhead/FA.vhf" in Library work.
Entity <FA> compiled.
Entity <FA> (Architecture <BEHAVIORAL>) compiled.
Compiling vhdl file "C:/Users/rjuan/Desktop/ISEProjects/lab5/carryAhead/cla.vhf" in Library work.
Entity <cla> compiled.
Entity <cla> (Architecture <BEHAVIORAL>) compiled.

=========================================================================
*                     Design Hierarchy Analysis                         *
=========================================================================
Analyzing hierarchy for entity <cla> in library <work> (architecture <BEHAVIORAL>).

Analyzing hierarchy for entity <FA> in library <work> (architecture <BEHAVIORAL>).


=========================================================================
*                            HDL Analysis                               *
=========================================================================
Analyzing Entity <cla> in library <work> (Architecture <BEHAVIORAL>).
Entity <cla> analyzed. Unit <cla> generated.

Analyzing Entity <FA> in library <work> (Architecture <BEHAVIORAL>).
Entity <FA> analyzed. Unit <FA> generated.


=========================================================================
*                           HDL Synthesis                               *
=========================================================================

Performing bidirectional port resolution...

Synthesizing Unit <FA>.
    Related source file is "C:/Users/rjuan/Desktop/ISEProjects/lab5/carryAhead/FA.vhf".
Unit <FA> synthesized.


Synthesizing Unit <cla>.
    Related source file is "C:/Users/rjuan/Desktop/ISEProjects/lab5/carryAhead/cla.vhf".
Unit <cla> synthesized.


=========================================================================
HDL Synthesis Report

Found no macro
=========================================================================

=========================================================================
*                       Advanced HDL Synthesis                          *
=========================================================================


=========================================================================
Advanced HDL Synthesis Report

Found no macro
=========================================================================

=========================================================================
*                         Low Level Synthesis                           *
=========================================================================

Optimizing unit <cla> ...

Mapping all equations...
Building and optimizing final netlist ...
Found area constraint ratio of 100 (+ 5) on block cla, actual ratio is 0.

Final Macro Processing ...

=========================================================================
Final Register Report

Found no macro
=========================================================================

=========================================================================
*                           Partition Report                            *
=========================================================================

Partition Implementation Status
-------------------------------

  No Partitions were found in this design.

-------------------------------

=========================================================================
*                            Final Report                               *
=========================================================================
Final Results
RTL Top Level Output File Name     : cla.ngr
Top Level Output File Name         : cla
Output Format                      : NGC
Optimization Goal                  : Speed
Keep Hierarchy                     : No

Design Statistics
# IOs                              : 15

Cell Usage :
# BELS                             : 28
#      AND2                        : 1
#      GND                         : 1
#      INV                         : 1
#      XOR2                        : 25
# IO Buffers                       : 15
#      IBUF                        : 9
#      OBUF                        : 6
# Logical                          : 24
#      NAND2                       : 24
=========================================================================

Device utilization summary:
---------------------------

Selected Device : 3s100ecp132-4 

 Number of Slices:                        1  out of    960     0%  
 Number of 4 input LUTs:                  1  out of   1920     0%  
 Number of IOs:                          15
 Number of bonded IOBs:                  15  out of     83    18%  

---------------------------
Partition Resource Summary:
---------------------------

  No Partitions were found in this design.

---------------------------


=========================================================================
TIMING REPORT

NOTE: THESE TIMING NUMBERS ARE ONLY A SYNTHESIS ESTIMATE.
      FOR ACCURATE TIMING INFORMATION PLEASE REFER TO THE TRACE REPORT
      GENERATED AFTER PLACE-and-ROUTE.

Clock Information:
------------------
No clock signals found in this design

Asynchronous Control Signals Information:
----------------------------------------
No asynchronous control signals found in this design

Timing Summary:
---------------
Speed Grade: -4

   Minimum period: No path found
   Minimum input arrival time before clock: No path found
   Maximum output required time after clock: No path found
   Maximum combinational path delay: 30.521ns

Timing Detail:
--------------
All values displayed in nanoseconds (ns)

=========================================================================
Timing constraint: Default path analysis
  Total number of paths / destination ports: 1136 / 6
-------------------------------------------------------------------------
Delay:               30.521ns (Levels of Logic = 24)
  Source:            Subtract (PAD)
  Destination:       cout (PAD)

  Data Path: Subtract to cout
                                Gate     Net
    Cell:in->out      fanout   Delay   Delay  Logical Name (Net Name)
    ----------------------------------------  ------------
     IBUF:I->O             8   1.218   0.757  Subtract_IBUF (Subtract_IBUF)
     XOR2:I0->O            2   0.704   0.447  XLXI_8 (XLXN_3)
     XOR2:I0->O            2   0.704   0.447  XLXI_1/XLXI_1 (XLXI_1/XLXN_7)
     NAND2:I0->O           1   0.704   0.420  XLXI_1/XLXI_5 (XLXI_1/XLXN_15)
     NAND2:I1->O           2   0.704   0.447  XLXI_1/XLXI_3 (XLXN_8)
     NAND2:I1->O           1   0.704   0.420  XLXI_2/XLXI_5 (XLXI_2/XLXN_15)
     NAND2:I1->O           2   0.704   0.447  XLXI_2/XLXI_3 (XLXN_10)
     NAND2:I1->O           1   0.704   0.420  XLXI_3/XLXI_5 (XLXI_3/XLXN_15)
     NAND2:I1->O           2   0.704   0.447  XLXI_3/XLXI_3 (XLXN_12)
     NAND2:I1->O           1   0.704   0.420  XLXI_4/XLXI_5 (XLXI_4/XLXN_15)
     NAND2:I1->O           2   0.704   0.447  XLXI_4/XLXI_3 (carry)
     INV:I->O              1   0.704   0.420  XLXI_18 (XLXN_36)
     AND2:I1->O            6   0.704   0.669  XLXI_17 (XLXN_49)
     XOR2:I0->O            2   0.704   0.447  XLXI_16 (XLXN_21)
     XOR2:I0->O            2   0.704   0.447  XLXI_9/XLXI_1 (XLXI_9/XLXN_7)
     NAND2:I0->O           1   0.704   0.420  XLXI_9/XLXI_5 (XLXI_9/XLXN_15)
     NAND2:I1->O           2   0.704   0.447  XLXI_9/XLXI_3 (XLXN_26)
     NAND2:I1->O           1   0.704   0.420  XLXI_10/XLXI_5 (XLXI_10/XLXN_15)
     NAND2:I1->O           2   0.704   0.447  XLXI_10/XLXI_3 (XLXN_28)
     NAND2:I1->O           1   0.704   0.420  XLXI_11/XLXI_5 (XLXI_11/XLXN_15)
     NAND2:I1->O           2   0.704   0.447  XLXI_11/XLXI_3 (XLXN_30)
     NAND2:I1->O           1   0.704   0.420  XLXI_12/XLXI_5 (XLXI_12/XLXN_15)
     NAND2:I1->O           1   0.704   0.420  XLXI_12/XLXI_3 (cout_OBUF)
     OBUF:I->O                 3.272          cout_OBUF (cout)
    ----------------------------------------
    Total                     30.521ns (19.978ns logic, 10.543ns route)
                                       (65.5% logic, 34.5% route)

=========================================================================


Total REAL time to Xst completion: 23.00 secs
Total CPU time to Xst completion: 22.67 secs
 
--> 

Total memory usage is 299156 kilobytes

Number of errors   :    0 (   0 filtered)
Number of warnings :    0 (   0 filtered)
Number of infos    :    0 (   0 filtered)

