Command line:
   dff01_dff01_sch_tb_isim_beh.exe
     -simmode  gui
     -simrunnum  0
     -socket  53641

Tue Mar 08 14:42:43 2016


 Elaboration Time: 0.03125 sec

 Current Memory Usage: 357.736 Meg

 Total Signals          : 29
 Total Nets             : 29
 Total Signal Drivers   : 2
 Total Blocks           : 4
 Total Primitive Blocks : 4
 Total Processes        : 1
 Total Traceable Variables  : 13
 Total Scalar Nets and Variables : 512
Total Line Count : 29

 Total Simulation Time: 0.390625 sec

 Current Memory Usage: 357.736 Meg

Tue Mar 08 14:45:14 2016

