Release 14.7 - ngc2edif P.20131013 (nt64)
Copyright (c) 1995-2013 Xilinx, Inc.  All rights reserved.
Reading design exp4.ngc ...
WARNING:NetListWriters:298 - No output is written to exp4.xncf, ignored.
Processing design ...
   Preping design's networks ...
   Preping design's macros ...
WARNING:NetListWriters:306 - Signal bus XLXI_1/Mcompar_cnt10k_cmp_gt0000_lut<11
   : 0> on block exp4 is not reconstructed, because there are some missing bus
   signals.
WARNING:NetListWriters:306 - Signal bus XLXI_1/Mcompar_cnt1_cmp_gt0000_lut<11 :
   0> on block exp4 is not reconstructed, because there are some missing bus
   signals.
WARNING:NetListWriters:306 - Signal bus XLXI_1/Mcompar_cnt1k_cmp_gt0000_lut<11 :
   0> on block exp4 is not reconstructed, because there are some missing bus
   signals.
  finished :Prep
Writing EDIF netlist file exp4.edif ...
ngc2edif: Total memory usage is 84436 kilobytes

Release 14.7 - ngc2edif P.20131013 (nt64)
Copyright (c) 1995-2013 Xilinx, Inc.  All rights reserved.
Reading design exp4.ngc ...
WARNING:NetListWriters:298 - No output is written to exp4.xncf, ignored.
Processing design ...
   Preping design's networks ...
   Preping design's macros ...
WARNING:NetListWriters:306 - Signal bus XLXI_1/Mcompar_cnt10k_cmp_gt0000_lut<11
   : 0> on block exp4 is not reconstructed, because there are some missing bus
   signals.
WARNING:NetListWriters:306 - Signal bus XLXI_1/Mcompar_cnt1_cmp_gt0000_lut<11 :
   0> on block exp4 is not reconstructed, because there are some missing bus
   signals.
WARNING:NetListWriters:306 - Signal bus XLXI_1/Mcompar_cnt1k_cmp_gt0000_lut<11 :
   0> on block exp4 is not reconstructed, because there are some missing bus
   signals.
  finished :Prep
Writing EDIF netlist file exp4.edif ...
ngc2edif: Total memory usage is 84436 kilobytes

