Release 14.7 - ngc2edif P.20131013 (nt)
Copyright (c) 1995-2013 Xilinx, Inc.  All rights reserved.
Reading design Ringshifter.ngc ...
WARNING:NetListWriters:298 - No output is written to Ringshifter.xncf, ignored.
Processing design ...
   Preping design's networks ...
   Preping design's macros ...
WARNING:NetListWriters:306 - Signal bus XLXI_7/Mcompar_cnt1k_cmp_gt0000_lut<13 :
   0> on block Ringshifter is not reconstructed, because there are some missing
   bus signals.
  finished :Prep
Writing EDIF netlist file Ringshifter.edif ...
ngc2edif: Total memory usage is 70664 kilobytes

Release 14.7 - ngc2edif P.20131013 (nt)
Copyright (c) 1995-2013 Xilinx, Inc.  All rights reserved.
Reading design Ringshifter.ngc ...
WARNING:NetListWriters:298 - No output is written to Ringshifter.xncf, ignored.
Processing design ...
   Preping design's networks ...
   Preping design's macros ...
WARNING:NetListWriters:306 - Signal bus XLXI_7/Mcompar_cnt1k_cmp_gt0000_lut<13 :
   0> on block Ringshifter is not reconstructed, because there are some missing
   bus signals.
  finished :Prep
Writing EDIF netlist file Ringshifter.edif ...
ngc2edif: Total memory usage is 71048 kilobytes

