Release 14.7 - ngc2edif P.20131013 (nt)
Copyright (c) 1995-2013 Xilinx, Inc.  All rights reserved.
Reading design L7exp6.ngc ...
WARNING:NetListWriters:298 - No output is written to L7exp6.xncf, ignored.
Processing design ...
   Preping design's networks ...
   Preping design's macros ...
WARNING:NetListWriters:306 - Signal bus XLXI_2/Mcompar_cnt100_cmp_gt0000_lut<12
   : 0> on block L7exp6 is not reconstructed, because there are some missing bus
   signals.
WARNING:NetListWriters:306 - Signal bus XLXI_2/Mcompar_cnt10k_cmp_gt0000_lut<11
   : 0> on block L7exp6 is not reconstructed, because there are some missing bus
   signals.
WARNING:NetListWriters:306 - Signal bus XLXI_2/Mcompar_cnt1_cmp_gt0000_lut<13 :
   0> on block L7exp6 is not reconstructed, because there are some missing bus
   signals.
WARNING:NetListWriters:306 - Signal bus XLXI_2/Mcompar_cnt1k_cmp_gt0000_lut<13 :
   0> on block L7exp6 is not reconstructed, because there are some missing bus
   signals.
  finished :Prep
Writing EDIF netlist file L7exp6.edif ...
ngc2edif: Total memory usage is 71732 kilobytes

Release 14.7 - ngc2edif P.20131013 (nt)
Copyright (c) 1995-2013 Xilinx, Inc.  All rights reserved.
Reading design L7exp6.ngc ...
WARNING:NetListWriters:298 - No output is written to L7exp6.xncf, ignored.
Processing design ...
   Preping design's networks ...
   Preping design's macros ...
WARNING:NetListWriters:306 - Signal bus XLXI_2/Mcompar_cnt100_cmp_gt0000_lut<12
   : 0> on block L7exp6 is not reconstructed, because there are some missing bus
   signals.
WARNING:NetListWriters:306 - Signal bus XLXI_2/Mcompar_cnt10k_cmp_gt0000_lut<11
   : 0> on block L7exp6 is not reconstructed, because there are some missing bus
   signals.
WARNING:NetListWriters:306 - Signal bus XLXI_2/Mcompar_cnt1_cmp_gt0000_lut<13 :
   0> on block L7exp6 is not reconstructed, because there are some missing bus
   signals.
WARNING:NetListWriters:306 - Signal bus XLXI_2/Mcompar_cnt1k_cmp_gt0000_lut<13 :
   0> on block L7exp6 is not reconstructed, because there are some missing bus
   signals.
  finished :Prep
Writing EDIF netlist file L7exp6.edif ...
ngc2edif: Total memory usage is 71412 kilobytes

Release 14.7 - ngc2edif P.20131013 (nt)
Copyright (c) 1995-2013 Xilinx, Inc.  All rights reserved.
Reading design L7exp6.ngc ...
WARNING:NetListWriters:298 - No output is written to L7exp6.xncf, ignored.
Processing design ...
   Preping design's networks ...
   Preping design's macros ...
WARNING:NetListWriters:306 - Signal bus XLXI_2/Mcompar_cnt100_cmp_gt0000_lut<12
   : 0> on block L7exp6 is not reconstructed, because there are some missing bus
   signals.
WARNING:NetListWriters:306 - Signal bus XLXI_2/Mcompar_cnt10k_cmp_gt0000_lut<11
   : 0> on block L7exp6 is not reconstructed, because there are some missing bus
   signals.
WARNING:NetListWriters:306 - Signal bus XLXI_2/Mcompar_cnt1_cmp_gt0000_lut<13 :
   0> on block L7exp6 is not reconstructed, because there are some missing bus
   signals.
WARNING:NetListWriters:306 - Signal bus XLXI_2/Mcompar_cnt1k_cmp_gt0000_lut<13 :
   0> on block L7exp6 is not reconstructed, because there are some missing bus
   signals.
  finished :Prep
Writing EDIF netlist file L7exp6.edif ...
ngc2edif: Total memory usage is 71988 kilobytes

Release 14.7 - ngc2edif P.20131013 (nt)
Copyright (c) 1995-2013 Xilinx, Inc.  All rights reserved.
Reading design L7exp6.ngc ...
WARNING:NetListWriters:298 - No output is written to L7exp6.xncf, ignored.
Processing design ...
   Preping design's networks ...
   Preping design's macros ...
WARNING:NetListWriters:306 - Signal bus XLXI_2/Mcompar_cnt100_cmp_gt0000_lut<12
   : 0> on block L7exp6 is not reconstructed, because there are some missing bus
   signals.
WARNING:NetListWriters:306 - Signal bus XLXI_2/Mcompar_cnt10k_cmp_gt0000_lut<11
   : 0> on block L7exp6 is not reconstructed, because there are some missing bus
   signals.
WARNING:NetListWriters:306 - Signal bus XLXI_2/Mcompar_cnt1k_cmp_gt0000_lut<13 :
   0> on block L7exp6 is not reconstructed, because there are some missing bus
   signals.
  finished :Prep
Writing EDIF netlist file L7exp6.edif ...
ngc2edif: Total memory usage is 71604 kilobytes

