Release 14.7 - xst P.20131013 (nt64)
Copyright (c) 1995-2013 Xilinx, Inc.  All rights reserved.
--> Parameter TMPDIR set to xst/projnav.tmp


Total REAL time to Xst completion: 0.00 secs
Total CPU time to Xst completion: 0.12 secs
 
--> Parameter xsthdpdir set to xst


Total REAL time to Xst completion: 0.00 secs
Total CPU time to Xst completion: 0.12 secs
 
--> Reading design: Lab7exp8.prj

TABLE OF CONTENTS
  1) Synthesis Options Summary
  2) HDL Compilation
  3) Design Hierarchy Analysis
  4) HDL Analysis
  5) HDL Synthesis
     5.1) HDL Synthesis Report
  6) Advanced HDL Synthesis
     6.1) Advanced HDL Synthesis Report
  7) Low Level Synthesis
  8) Partition Report
  9) Final Report
	9.1) Device utilization summary
	9.2) Partition Resource Summary
	9.3) TIMING REPORT


=========================================================================
*                      Synthesis Options Summary                        *
=========================================================================
---- Source Parameters
Input File Name                    : "Lab7exp8.prj"
Input Format                       : mixed
Ignore Synthesis Constraint File   : NO

---- Target Parameters
Output File Name                   : "Lab7exp8"
Output Format                      : NGC
Target Device                      : xc3s100e-4-cp132

---- Source Options
Top Module Name                    : Lab7exp8
Automatic FSM Extraction           : YES
FSM Encoding Algorithm             : Auto
Safe Implementation                : No
FSM Style                          : LUT
RAM Extraction                     : Yes
RAM Style                          : Auto
ROM Extraction                     : Yes
Mux Style                          : Auto
Decoder Extraction                 : YES
Priority Encoder Extraction        : Yes
Shift Register Extraction          : YES
Logical Shifter Extraction         : YES
XOR Collapsing                     : YES
ROM Style                          : Auto
Mux Extraction                     : Yes
Resource Sharing                   : YES
Asynchronous To Synchronous        : NO
Multiplier Style                   : Auto
Automatic Register Balancing       : No

---- Target Options
Add IO Buffers                     : YES
Global Maximum Fanout              : 100000
Add Generic Clock Buffer(BUFG)     : 24
Register Duplication               : YES
Slice Packing                      : YES
Optimize Instantiated Primitives   : NO
Use Clock Enable                   : Yes
Use Synchronous Set                : Yes
Use Synchronous Reset              : Yes
Pack IO Registers into IOBs        : Auto
Equivalent register Removal        : YES

---- General Options
Optimization Goal                  : Speed
Optimization Effort                : 1
Keep Hierarchy                     : No
Netlist Hierarchy                  : As_Optimized
RTL Output                         : Yes
Global Optimization                : AllClockNets
Read Cores                         : YES
Write Timing Constraints           : NO
Cross Clock Analysis               : NO
Hierarchy Separator                : /
Bus Delimiter                      : <>
Case Specifier                     : Maintain
Slice Utilization Ratio            : 100
BRAM Utilization Ratio             : 100
Verilog 2001                       : YES
Auto BRAM Packing                  : NO
Slice Utilization Ratio Delta      : 5

=========================================================================


=========================================================================
*                          HDL Compilation                              *
=========================================================================
Compiling vhdl file "C:/Users/TinyDancer/Downloads/DCM_50M.vhd" in Library work.
Entity <DCM_50M> compiled.
Entity <DCM_50M> (Architecture <Behavioral>) compiled.
Compiling vhdl file "D:/lab7exp8/Lab7exp8.vhf" in Library work.
Entity <lab7exp8> compiled.
Entity <lab7exp8> (Architecture <behavioral>) compiled.

=========================================================================
*                     Design Hierarchy Analysis                         *
=========================================================================
Analyzing hierarchy for entity <Lab7exp8> in library <work> (architecture <behavioral>).

Analyzing hierarchy for entity <DCM_50M> in library <work> (architecture <Behavioral>) with generics.
	DIV100 = 50
	DIV10k = 5000
	DIV1k = 500
	DIV50 = 25


=========================================================================
*                            HDL Analysis                               *
=========================================================================
Analyzing Entity <Lab7exp8> in library <work> (Architecture <behavioral>).
    Set user-defined property "INIT =  0" for instance <XLXI_1> in unit <Lab7exp8>.
    Set user-defined property "INIT =  0" for instance <XLXI_4> in unit <Lab7exp8>.
    Set user-defined property "INIT =  0" for instance <XLXI_5> in unit <Lab7exp8>.
    Set user-defined property "INIT =  0" for instance <XLXI_6> in unit <Lab7exp8>.
WARNING:Xst:753 - "D:/lab7exp8/Lab7exp8.vhf" line 100: Unconnected output port 'CLK1M' of component 'DCM_50M'.
WARNING:Xst:753 - "D:/lab7exp8/Lab7exp8.vhf" line 100: Unconnected output port 'CLK10k' of component 'DCM_50M'.
WARNING:Xst:753 - "D:/lab7exp8/Lab7exp8.vhf" line 100: Unconnected output port 'CLK1k' of component 'DCM_50M'.
WARNING:Xst:753 - "D:/lab7exp8/Lab7exp8.vhf" line 100: Unconnected output port 'CLK100' of component 'DCM_50M'.
Entity <Lab7exp8> analyzed. Unit <Lab7exp8> generated.

Analyzing generic Entity <DCM_50M> in library <work> (Architecture <Behavioral>).
	DIV100 = 50
	DIV10k = 5000
	DIV1k = 500
	DIV50 = 25
Entity <DCM_50M> analyzed. Unit <DCM_50M> generated.


=========================================================================
*                           HDL Synthesis                               *
=========================================================================

Performing bidirectional port resolution...

Synthesizing Unit <DCM_50M>.
    Related source file is "C:/Users/TinyDancer/Downloads/DCM_50M.vhd".
    Found 1-bit register for signal <clk_1<0>>.
    Found 1-bit register for signal <clk_100<0>>.
    Found 1-bit register for signal <clk_10k<0>>.
    Found 32-bit adder for signal <clk_1_0$add0000> created at line 162.
    Found 1-bit register for signal <clk_1k<0>>.
    Found 32-bit adder for signal <clk_1k_0$add0000> created at line 114.
    Found 1-bit register for signal <clk_1m<0>>.
    Found 32-bit adder for signal <clk_1m_0$add0000> created at line 66.
    Found 32-bit up counter for signal <cnt1>.
    Found 32-bit comparator greater for signal <cnt1$cmp_gt0000> created at line 163.
    Found 32-bit up counter for signal <cnt100>.
    Found 32-bit adder for signal <cnt100$add0000> created at line 138.
    Found 32-bit comparator greater for signal <cnt100$cmp_gt0000> created at line 139.
    Found 32-bit up counter for signal <cnt10k>.
    Found 32-bit adder for signal <cnt10k$add0000> created at line 90.
    Found 32-bit comparator greater for signal <cnt10k$cmp_gt0000> created at line 91.
    Found 32-bit up counter for signal <cnt1k>.
    Found 32-bit comparator greater for signal <cnt1k$cmp_gt0000> created at line 115.
    Found 32-bit up counter for signal <cnt1M>.
    Found 32-bit comparator greatequal for signal <cnt1M$cmp_ge0000> created at line 67.
    Summary:
	inferred   5 Counter(s).
	inferred   5 D-type flip-flop(s).
	inferred   5 Adder/Subtractor(s).
	inferred   5 Comparator(s).
Unit <DCM_50M> synthesized.


Synthesizing Unit <Lab7exp8>.
    Related source file is "D:/lab7exp8/Lab7exp8.vhf".
WARNING:Xst:653 - Signal <XLXI_8_RST_openSignal> is used but never assigned. This sourceless signal will be automatically connected to value 0.
WARNING:Xst:653 - Signal <XLXI_6_S_openSignal> is used but never assigned. This sourceless signal will be automatically connected to value 0.
WARNING:Xst:653 - Signal <XLXI_5_S_openSignal> is used but never assigned. This sourceless signal will be automatically connected to value 0.
WARNING:Xst:653 - Signal <XLXI_4_S_openSignal> is used but never assigned. This sourceless signal will be automatically connected to value 0.
WARNING:Xst:653 - Signal <XLXI_1_S_openSignal> is used but never assigned. This sourceless signal will be automatically connected to value 0.
Unit <Lab7exp8> synthesized.


=========================================================================
HDL Synthesis Report

Macro Statistics
# Adders/Subtractors                                   : 5
 32-bit adder                                          : 5
# Counters                                             : 5
 32-bit up counter                                     : 5
# Registers                                            : 5
 1-bit register                                        : 5
# Comparators                                          : 5
 32-bit comparator greatequal                          : 1
 32-bit comparator greater                             : 4

=========================================================================

=========================================================================
*                       Advanced HDL Synthesis                          *
=========================================================================


=========================================================================
Advanced HDL Synthesis Report

Macro Statistics
# Adders/Subtractors                                   : 5
 32-bit adder                                          : 5
# Counters                                             : 5
 32-bit up counter                                     : 5
# Registers                                            : 9
 Flip-Flops                                            : 9
# Comparators                                          : 5
 32-bit comparator greatequal                          : 1
 32-bit comparator greater                             : 4

=========================================================================

=========================================================================
*                         Low Level Synthesis                           *
=========================================================================

Optimizing unit <Lab7exp8> ...

Optimizing unit <DCM_50M> ...
WARNING:Xst:2677 - Node <XLXI_8/cnt1M_31> of sequential type is unconnected in block <Lab7exp8>.
WARNING:Xst:2677 - Node <XLXI_8/cnt1M_30> of sequential type is unconnected in block <Lab7exp8>.
WARNING:Xst:2677 - Node <XLXI_8/cnt1M_29> of sequential type is unconnected in block <Lab7exp8>.
WARNING:Xst:2677 - Node <XLXI_8/cnt1M_28> of sequential type is unconnected in block <Lab7exp8>.
WARNING:Xst:2677 - Node <XLXI_8/cnt1M_27> of sequential type is unconnected in block <Lab7exp8>.
WARNING:Xst:2677 - Node <XLXI_8/cnt1M_26> of sequential type is unconnected in block <Lab7exp8>.
WARNING:Xst:2677 - Node <XLXI_8/cnt1M_25> of sequential type is unconnected in block <Lab7exp8>.
WARNING:Xst:2677 - Node <XLXI_8/cnt1M_24> of sequential type is unconnected in block <Lab7exp8>.
WARNING:Xst:2677 - Node <XLXI_8/cnt1M_23> of sequential type is unconnected in block <Lab7exp8>.
WARNING:Xst:2677 - Node <XLXI_8/cnt1M_22> of sequential type is unconnected in block <Lab7exp8>.
WARNING:Xst:2677 - Node <XLXI_8/cnt1M_21> of sequential type is unconnected in block <Lab7exp8>.
WARNING:Xst:2677 - Node <XLXI_8/cnt1M_20> of sequential type is unconnected in block <Lab7exp8>.
WARNING:Xst:2677 - Node <XLXI_8/cnt1M_19> of sequential type is unconnected in block <Lab7exp8>.
WARNING:Xst:2677 - Node <XLXI_8/cnt1M_18> of sequential type is unconnected in block <Lab7exp8>.
WARNING:Xst:2677 - Node <XLXI_8/cnt1M_17> of sequential type is unconnected in block <Lab7exp8>.
WARNING:Xst:2677 - Node <XLXI_8/cnt1M_16> of sequential type is unconnected in block <Lab7exp8>.
WARNING:Xst:2677 - Node <XLXI_8/cnt1M_15> of sequential type is unconnected in block <Lab7exp8>.
WARNING:Xst:2677 - Node <XLXI_8/cnt1M_14> of sequential type is unconnected in block <Lab7exp8>.
WARNING:Xst:2677 - Node <XLXI_8/cnt1M_13> of sequential type is unconnected in block <Lab7exp8>.
WARNING:Xst:2677 - Node <XLXI_8/cnt1M_12> of sequential type is unconnected in block <Lab7exp8>.
WARNING:Xst:2677 - Node <XLXI_8/cnt1M_11> of sequential type is unconnected in block <Lab7exp8>.
WARNING:Xst:2677 - Node <XLXI_8/cnt1M_10> of sequential type is unconnected in block <Lab7exp8>.
WARNING:Xst:2677 - Node <XLXI_8/cnt1M_9> of sequential type is unconnected in block <Lab7exp8>.
WARNING:Xst:2677 - Node <XLXI_8/cnt1M_8> of sequential type is unconnected in block <Lab7exp8>.
WARNING:Xst:2677 - Node <XLXI_8/cnt1M_7> of sequential type is unconnected in block <Lab7exp8>.
WARNING:Xst:2677 - Node <XLXI_8/cnt1M_6> of sequential type is unconnected in block <Lab7exp8>.
WARNING:Xst:2677 - Node <XLXI_8/cnt1M_5> of sequential type is unconnected in block <Lab7exp8>.
WARNING:Xst:2677 - Node <XLXI_8/cnt1M_4> of sequential type is unconnected in block <Lab7exp8>.
WARNING:Xst:2677 - Node <XLXI_8/cnt1M_3> of sequential type is unconnected in block <Lab7exp8>.
WARNING:Xst:2677 - Node <XLXI_8/cnt1M_2> of sequential type is unconnected in block <Lab7exp8>.
WARNING:Xst:2677 - Node <XLXI_8/cnt1M_1> of sequential type is unconnected in block <Lab7exp8>.
WARNING:Xst:2677 - Node <XLXI_8/cnt1M_0> of sequential type is unconnected in block <Lab7exp8>.
WARNING:Xst:2677 - Node <XLXI_8/cnt1k_31> of sequential type is unconnected in block <Lab7exp8>.
WARNING:Xst:2677 - Node <XLXI_8/cnt1k_30> of sequential type is unconnected in block <Lab7exp8>.
WARNING:Xst:2677 - Node <XLXI_8/cnt1k_29> of sequential type is unconnected in block <Lab7exp8>.
WARNING:Xst:2677 - Node <XLXI_8/cnt1k_28> of sequential type is unconnected in block <Lab7exp8>.
WARNING:Xst:2677 - Node <XLXI_8/cnt1k_27> of sequential type is unconnected in block <Lab7exp8>.
WARNING:Xst:2677 - Node <XLXI_8/cnt1k_26> of sequential type is unconnected in block <Lab7exp8>.
WARNING:Xst:2677 - Node <XLXI_8/cnt1k_25> of sequential type is unconnected in block <Lab7exp8>.
WARNING:Xst:2677 - Node <XLXI_8/cnt1k_24> of sequential type is unconnected in block <Lab7exp8>.
WARNING:Xst:2677 - Node <XLXI_8/cnt1k_23> of sequential type is unconnected in block <Lab7exp8>.
WARNING:Xst:2677 - Node <XLXI_8/cnt1k_22> of sequential type is unconnected in block <Lab7exp8>.
WARNING:Xst:2677 - Node <XLXI_8/cnt1k_21> of sequential type is unconnected in block <Lab7exp8>.
WARNING:Xst:2677 - Node <XLXI_8/cnt1k_20> of sequential type is unconnected in block <Lab7exp8>.
WARNING:Xst:2677 - Node <XLXI_8/cnt1k_19> of sequential type is unconnected in block <Lab7exp8>.
WARNING:Xst:2677 - Node <XLXI_8/cnt1k_18> of sequential type is unconnected in block <Lab7exp8>.
WARNING:Xst:2677 - Node <XLXI_8/cnt1k_17> of sequential type is unconnected in block <Lab7exp8>.
WARNING:Xst:2677 - Node <XLXI_8/cnt1k_16> of sequential type is unconnected in block <Lab7exp8>.
WARNING:Xst:2677 - Node <XLXI_8/cnt1k_15> of sequential type is unconnected in block <Lab7exp8>.
WARNING:Xst:2677 - Node <XLXI_8/cnt1k_14> of sequential type is unconnected in block <Lab7exp8>.
WARNING:Xst:2677 - Node <XLXI_8/cnt1k_13> of sequential type is unconnected in block <Lab7exp8>.
WARNING:Xst:2677 - Node <XLXI_8/cnt1k_12> of sequential type is unconnected in block <Lab7exp8>.
WARNING:Xst:2677 - Node <XLXI_8/cnt1k_11> of sequential type is unconnected in block <Lab7exp8>.
WARNING:Xst:2677 - Node <XLXI_8/cnt1k_10> of sequential type is unconnected in block <Lab7exp8>.
WARNING:Xst:2677 - Node <XLXI_8/cnt1k_9> of sequential type is unconnected in block <Lab7exp8>.
WARNING:Xst:2677 - Node <XLXI_8/cnt1k_8> of sequential type is unconnected in block <Lab7exp8>.
WARNING:Xst:2677 - Node <XLXI_8/cnt1k_7> of sequential type is unconnected in block <Lab7exp8>.
WARNING:Xst:2677 - Node <XLXI_8/cnt1k_6> of sequential type is unconnected in block <Lab7exp8>.
WARNING:Xst:2677 - Node <XLXI_8/cnt1k_5> of sequential type is unconnected in block <Lab7exp8>.
WARNING:Xst:2677 - Node <XLXI_8/cnt1k_4> of sequential type is unconnected in block <Lab7exp8>.
WARNING:Xst:2677 - Node <XLXI_8/cnt1k_3> of sequential type is unconnected in block <Lab7exp8>.
WARNING:Xst:2677 - Node <XLXI_8/cnt1k_2> of sequential type is unconnected in block <Lab7exp8>.
WARNING:Xst:2677 - Node <XLXI_8/cnt1k_1> of sequential type is unconnected in block <Lab7exp8>.
WARNING:Xst:2677 - Node <XLXI_8/cnt1k_0> of sequential type is unconnected in block <Lab7exp8>.
WARNING:Xst:2677 - Node <XLXI_8/cnt10k_31> of sequential type is unconnected in block <Lab7exp8>.
WARNING:Xst:2677 - Node <XLXI_8/cnt10k_30> of sequential type is unconnected in block <Lab7exp8>.
WARNING:Xst:2677 - Node <XLXI_8/cnt10k_29> of sequential type is unconnected in block <Lab7exp8>.
WARNING:Xst:2677 - Node <XLXI_8/cnt10k_28> of sequential type is unconnected in block <Lab7exp8>.
WARNING:Xst:2677 - Node <XLXI_8/cnt10k_27> of sequential type is unconnected in block <Lab7exp8>.
WARNING:Xst:2677 - Node <XLXI_8/cnt10k_26> of sequential type is unconnected in block <Lab7exp8>.
WARNING:Xst:2677 - Node <XLXI_8/cnt10k_25> of sequential type is unconnected in block <Lab7exp8>.
WARNING:Xst:2677 - Node <XLXI_8/cnt10k_24> of sequential type is unconnected in block <Lab7exp8>.
WARNING:Xst:2677 - Node <XLXI_8/cnt10k_23> of sequential type is unconnected in block <Lab7exp8>.
WARNING:Xst:2677 - Node <XLXI_8/cnt10k_22> of sequential type is unconnected in block <Lab7exp8>.
WARNING:Xst:2677 - Node <XLXI_8/cnt10k_21> of sequential type is unconnected in block <Lab7exp8>.
WARNING:Xst:2677 - Node <XLXI_8/cnt10k_20> of sequential type is unconnected in block <Lab7exp8>.
WARNING:Xst:2677 - Node <XLXI_8/cnt10k_19> of sequential type is unconnected in block <Lab7exp8>.
WARNING:Xst:2677 - Node <XLXI_8/cnt10k_18> of sequential type is unconnected in block <Lab7exp8>.
WARNING:Xst:2677 - Node <XLXI_8/cnt10k_17> of sequential type is unconnected in block <Lab7exp8>.
WARNING:Xst:2677 - Node <XLXI_8/cnt10k_16> of sequential type is unconnected in block <Lab7exp8>.
WARNING:Xst:2677 - Node <XLXI_8/cnt10k_15> of sequential type is unconnected in block <Lab7exp8>.
WARNING:Xst:2677 - Node <XLXI_8/cnt10k_14> of sequential type is unconnected in block <Lab7exp8>.
WARNING:Xst:2677 - Node <XLXI_8/cnt10k_13> of sequential type is unconnected in block <Lab7exp8>.
WARNING:Xst:2677 - Node <XLXI_8/cnt10k_12> of sequential type is unconnected in block <Lab7exp8>.
WARNING:Xst:2677 - Node <XLXI_8/cnt10k_11> of sequential type is unconnected in block <Lab7exp8>.
WARNING:Xst:2677 - Node <XLXI_8/cnt10k_10> of sequential type is unconnected in block <Lab7exp8>.
WARNING:Xst:2677 - Node <XLXI_8/cnt10k_9> of sequential type is unconnected in block <Lab7exp8>.
WARNING:Xst:2677 - Node <XLXI_8/cnt10k_8> of sequential type is unconnected in block <Lab7exp8>.
WARNING:Xst:2677 - Node <XLXI_8/cnt10k_7> of sequential type is unconnected in block <Lab7exp8>.
WARNING:Xst:2677 - Node <XLXI_8/cnt10k_6> of sequential type is unconnected in block <Lab7exp8>.
WARNING:Xst:2677 - Node <XLXI_8/cnt10k_5> of sequential type is unconnected in block <Lab7exp8>.
WARNING:Xst:2677 - Node <XLXI_8/cnt10k_4> of sequential type is unconnected in block <Lab7exp8>.
WARNING:Xst:2677 - Node <XLXI_8/cnt10k_3> of sequential type is unconnected in block <Lab7exp8>.
WARNING:Xst:2677 - Node <XLXI_8/cnt10k_2> of sequential type is unconnected in block <Lab7exp8>.
WARNING:Xst:2677 - Node <XLXI_8/cnt10k_1> of sequential type is unconnected in block <Lab7exp8>.
WARNING:Xst:2677 - Node <XLXI_8/cnt10k_0> of sequential type is unconnected in block <Lab7exp8>.
WARNING:Xst:2677 - Node <XLXI_8/cnt100_31> of sequential type is unconnected in block <Lab7exp8>.
WARNING:Xst:2677 - Node <XLXI_8/cnt100_30> of sequential type is unconnected in block <Lab7exp8>.
WARNING:Xst:2677 - Node <XLXI_8/cnt100_29> of sequential type is unconnected in block <Lab7exp8>.
WARNING:Xst:2677 - Node <XLXI_8/cnt100_28> of sequential type is unconnected in block <Lab7exp8>.
WARNING:Xst:2677 - Node <XLXI_8/cnt100_27> of sequential type is unconnected in block <Lab7exp8>.
WARNING:Xst:2677 - Node <XLXI_8/cnt100_26> of sequential type is unconnected in block <Lab7exp8>.
WARNING:Xst:2677 - Node <XLXI_8/cnt100_25> of sequential type is unconnected in block <Lab7exp8>.
WARNING:Xst:2677 - Node <XLXI_8/cnt100_24> of sequential type is unconnected in block <Lab7exp8>.
WARNING:Xst:2677 - Node <XLXI_8/cnt100_23> of sequential type is unconnected in block <Lab7exp8>.
WARNING:Xst:2677 - Node <XLXI_8/cnt100_22> of sequential type is unconnected in block <Lab7exp8>.
WARNING:Xst:2677 - Node <XLXI_8/cnt100_21> of sequential type is unconnected in block <Lab7exp8>.
WARNING:Xst:2677 - Node <XLXI_8/cnt100_20> of sequential type is unconnected in block <Lab7exp8>.
WARNING:Xst:2677 - Node <XLXI_8/cnt100_19> of sequential type is unconnected in block <Lab7exp8>.
WARNING:Xst:2677 - Node <XLXI_8/cnt100_18> of sequential type is unconnected in block <Lab7exp8>.
WARNING:Xst:2677 - Node <XLXI_8/cnt100_17> of sequential type is unconnected in block <Lab7exp8>.
WARNING:Xst:2677 - Node <XLXI_8/cnt100_16> of sequential type is unconnected in block <Lab7exp8>.
WARNING:Xst:2677 - Node <XLXI_8/cnt100_15> of sequential type is unconnected in block <Lab7exp8>.
WARNING:Xst:2677 - Node <XLXI_8/cnt100_14> of sequential type is unconnected in block <Lab7exp8>.
WARNING:Xst:2677 - Node <XLXI_8/cnt100_13> of sequential type is unconnected in block <Lab7exp8>.
WARNING:Xst:2677 - Node <XLXI_8/cnt100_12> of sequential type is unconnected in block <Lab7exp8>.
WARNING:Xst:2677 - Node <XLXI_8/cnt100_11> of sequential type is unconnected in block <Lab7exp8>.
WARNING:Xst:2677 - Node <XLXI_8/cnt100_10> of sequential type is unconnected in block <Lab7exp8>.
WARNING:Xst:2677 - Node <XLXI_8/cnt100_9> of sequential type is unconnected in block <Lab7exp8>.
WARNING:Xst:2677 - Node <XLXI_8/cnt100_8> of sequential type is unconnected in block <Lab7exp8>.
WARNING:Xst:2677 - Node <XLXI_8/cnt100_7> of sequential type is unconnected in block <Lab7exp8>.
WARNING:Xst:2677 - Node <XLXI_8/cnt100_6> of sequential type is unconnected in block <Lab7exp8>.
WARNING:Xst:2677 - Node <XLXI_8/cnt100_5> of sequential type is unconnected in block <Lab7exp8>.
WARNING:Xst:2677 - Node <XLXI_8/cnt100_4> of sequential type is unconnected in block <Lab7exp8>.
WARNING:Xst:2677 - Node <XLXI_8/cnt100_3> of sequential type is unconnected in block <Lab7exp8>.
WARNING:Xst:2677 - Node <XLXI_8/cnt100_2> of sequential type is unconnected in block <Lab7exp8>.
WARNING:Xst:2677 - Node <XLXI_8/cnt100_1> of sequential type is unconnected in block <Lab7exp8>.
WARNING:Xst:2677 - Node <XLXI_8/cnt100_0> of sequential type is unconnected in block <Lab7exp8>.
WARNING:Xst:2677 - Node <XLXI_8/clk_10k_0> of sequential type is unconnected in block <Lab7exp8>.
WARNING:Xst:2677 - Node <XLXI_8/clk_100_0> of sequential type is unconnected in block <Lab7exp8>.
WARNING:Xst:2677 - Node <XLXI_8/clk_1k_0> of sequential type is unconnected in block <Lab7exp8>.
WARNING:Xst:2677 - Node <XLXI_8/clk_1m_0> of sequential type is unconnected in block <Lab7exp8>.

Mapping all equations...
Building and optimizing final netlist ...
Found area constraint ratio of 100 (+ 5) on block Lab7exp8, actual ratio is 4.

Final Macro Processing ...

=========================================================================
Final Register Report

Macro Statistics
# Registers                                            : 37
 Flip-Flops                                            : 37

=========================================================================

=========================================================================
*                           Partition Report                            *
=========================================================================

Partition Implementation Status
-------------------------------

  No Partitions were found in this design.

-------------------------------

=========================================================================
*                            Final Report                               *
=========================================================================
Final Results
RTL Top Level Output File Name     : Lab7exp8.ngr
Top Level Output File Name         : Lab7exp8
Output Format                      : NGC
Optimization Goal                  : Speed
Keep Hierarchy                     : No

Design Statistics
# IOs                              : 6

Cell Usage :
# BELS                             : 223
#      GND                         : 1
#      INV                         : 8
#      LUT1                        : 35
#      LUT2                        : 32
#      LUT4                        : 6
#      MUXCY                       : 76
#      VCC                         : 1
#      XORCY                       : 64
# FlipFlops/Latches                : 37
#      FDE                         : 33
#      FDRS                        : 4
# Clock Buffers                    : 1
#      BUFGP                       : 1
# IO Buffers                       : 5
#      IBUF                        : 1
#      OBUF                        : 4
=========================================================================

Device utilization summary:
---------------------------

Selected Device : 3s100ecp132-4 

 Number of Slices:                       42  out of    960     4%  
 Number of Slice Flip Flops:             37  out of   1920     1%  
 Number of 4 input LUTs:                 81  out of   1920     4%  
 Number of IOs:                           6
 Number of bonded IOBs:                   6  out of     83     7%  
 Number of GCLKs:                         1  out of     24     4%  

---------------------------
Partition Resource Summary:
---------------------------

  No Partitions were found in this design.

---------------------------


=========================================================================
TIMING REPORT

NOTE: THESE TIMING NUMBERS ARE ONLY A SYNTHESIS ESTIMATE.
      FOR ACCURATE TIMING INFORMATION PLEASE REFER TO THE TRACE REPORT
      GENERATED AFTER PLACE-and-ROUTE.

Clock Information:
------------------
-----------------------------------+------------------------+-------+
Clock Signal                       | Clock buffer(FF name)  | Load  |
-----------------------------------+------------------------+-------+
XLXI_8/clk_1_0                     | NONE(XLXI_1)           | 4     |
CLK                                | BUFGP                  | 33    |
-----------------------------------+------------------------+-------+
INFO:Xst:2169 - HDL ADVISOR - Some clock signals were not automatically buffered by XST with BUFG/BUFR resources. Please use the buffer_type constraint in order to insert these buffers to the clock signals to help prevent skew problems.

Asynchronous Control Signals Information:
----------------------------------------
No asynchronous control signals found in this design

Timing Summary:
---------------
Speed Grade: -4

   Minimum period: 11.880ns (Maximum Frequency: 84.176MHz)
   Minimum input arrival time before clock: 2.716ns
   Maximum output required time after clock: 4.310ns
   Maximum combinational path delay: No path found

Timing Detail:
--------------
All values displayed in nanoseconds (ns)

=========================================================================
Timing constraint: Default period analysis for Clock 'XLXI_8/clk_1_0'
  Clock period: 2.470ns (frequency: 404.858MHz)
  Total number of paths / destination ports: 4 / 4
-------------------------------------------------------------------------
Delay:               2.470ns (Levels of Logic = 1)
  Source:            XLXI_6 (FF)
  Destination:       XLXI_1 (FF)
  Source Clock:      XLXI_8/clk_1_0 rising
  Destination Clock: XLXI_8/clk_1_0 rising

  Data Path: XLXI_6 to XLXI_1
                                Gate     Net
    Cell:in->out      fanout   Delay   Delay  Logical Name (Net Name)
    ----------------------------------------  ------------
     FDRS:C->Q             2   0.591   0.447  XLXI_6 (Q_3_OBUF)
     INV:I->O              1   0.704   0.420  XLXI_9 (XLXN_47)
     FDRS:D                    0.308          XLXI_1
    ----------------------------------------
    Total                      2.470ns (1.603ns logic, 0.867ns route)
                                       (64.9% logic, 35.1% route)

=========================================================================
Timing constraint: Default period analysis for Clock 'CLK'
  Clock period: 11.880ns (frequency: 84.176MHz)
  Total number of paths / destination ports: 314689 / 34
-------------------------------------------------------------------------
Delay:               11.880ns (Levels of Logic = 67)
  Source:            XLXI_8/cnt1_1 (FF)
  Destination:       XLXI_8/cnt1_31 (FF)
  Source Clock:      CLK rising
  Destination Clock: CLK rising

  Data Path: XLXI_8/cnt1_1 to XLXI_8/cnt1_31
                                Gate     Net
    Cell:in->out      fanout   Delay   Delay  Logical Name (Net Name)
    ----------------------------------------  ------------
     FDE:C->Q              2   0.591   0.622  XLXI_8/cnt1_1 (XLXI_8/cnt1_1)
     LUT1:I0->O            1   0.704   0.000  XLXI_8/Madd_clk_1_0_add0000_cy<1>_rt (XLXI_8/Madd_clk_1_0_add0000_cy<1>_rt)
     MUXCY:S->O            1   0.464   0.000  XLXI_8/Madd_clk_1_0_add0000_cy<1> (XLXI_8/Madd_clk_1_0_add0000_cy<1>)
     MUXCY:CI->O           1   0.059   0.000  XLXI_8/Madd_clk_1_0_add0000_cy<2> (XLXI_8/Madd_clk_1_0_add0000_cy<2>)
     MUXCY:CI->O           1   0.059   0.000  XLXI_8/Madd_clk_1_0_add0000_cy<3> (XLXI_8/Madd_clk_1_0_add0000_cy<3>)
     MUXCY:CI->O           1   0.059   0.000  XLXI_8/Madd_clk_1_0_add0000_cy<4> (XLXI_8/Madd_clk_1_0_add0000_cy<4>)
     MUXCY:CI->O           1   0.059   0.000  XLXI_8/Madd_clk_1_0_add0000_cy<5> (XLXI_8/Madd_clk_1_0_add0000_cy<5>)
     MUXCY:CI->O           1   0.059   0.000  XLXI_8/Madd_clk_1_0_add0000_cy<6> (XLXI_8/Madd_clk_1_0_add0000_cy<6>)
     MUXCY:CI->O           1   0.059   0.000  XLXI_8/Madd_clk_1_0_add0000_cy<7> (XLXI_8/Madd_clk_1_0_add0000_cy<7>)
     MUXCY:CI->O           1   0.059   0.000  XLXI_8/Madd_clk_1_0_add0000_cy<8> (XLXI_8/Madd_clk_1_0_add0000_cy<8>)
     MUXCY:CI->O           1   0.059   0.000  XLXI_8/Madd_clk_1_0_add0000_cy<9> (XLXI_8/Madd_clk_1_0_add0000_cy<9>)
     MUXCY:CI->O           1   0.059   0.000  XLXI_8/Madd_clk_1_0_add0000_cy<10> (XLXI_8/Madd_clk_1_0_add0000_cy<10>)
     MUXCY:CI->O           1   0.059   0.000  XLXI_8/Madd_clk_1_0_add0000_cy<11> (XLXI_8/Madd_clk_1_0_add0000_cy<11>)
     MUXCY:CI->O           1   0.059   0.000  XLXI_8/Madd_clk_1_0_add0000_cy<12> (XLXI_8/Madd_clk_1_0_add0000_cy<12>)
     MUXCY:CI->O           1   0.059   0.000  XLXI_8/Madd_clk_1_0_add0000_cy<13> (XLXI_8/Madd_clk_1_0_add0000_cy<13>)
     MUXCY:CI->O           1   0.059   0.000  XLXI_8/Madd_clk_1_0_add0000_cy<14> (XLXI_8/Madd_clk_1_0_add0000_cy<14>)
     MUXCY:CI->O           1   0.059   0.000  XLXI_8/Madd_clk_1_0_add0000_cy<15> (XLXI_8/Madd_clk_1_0_add0000_cy<15>)
     MUXCY:CI->O           1   0.059   0.000  XLXI_8/Madd_clk_1_0_add0000_cy<16> (XLXI_8/Madd_clk_1_0_add0000_cy<16>)
     MUXCY:CI->O           1   0.059   0.000  XLXI_8/Madd_clk_1_0_add0000_cy<17> (XLXI_8/Madd_clk_1_0_add0000_cy<17>)
     MUXCY:CI->O           1   0.059   0.000  XLXI_8/Madd_clk_1_0_add0000_cy<18> (XLXI_8/Madd_clk_1_0_add0000_cy<18>)
     MUXCY:CI->O           1   0.059   0.000  XLXI_8/Madd_clk_1_0_add0000_cy<19> (XLXI_8/Madd_clk_1_0_add0000_cy<19>)
     MUXCY:CI->O           1   0.059   0.000  XLXI_8/Madd_clk_1_0_add0000_cy<20> (XLXI_8/Madd_clk_1_0_add0000_cy<20>)
     MUXCY:CI->O           1   0.059   0.000  XLXI_8/Madd_clk_1_0_add0000_cy<21> (XLXI_8/Madd_clk_1_0_add0000_cy<21>)
     MUXCY:CI->O           1   0.059   0.000  XLXI_8/Madd_clk_1_0_add0000_cy<22> (XLXI_8/Madd_clk_1_0_add0000_cy<22>)
     MUXCY:CI->O           1   0.059   0.000  XLXI_8/Madd_clk_1_0_add0000_cy<23> (XLXI_8/Madd_clk_1_0_add0000_cy<23>)
     MUXCY:CI->O           1   0.059   0.000  XLXI_8/Madd_clk_1_0_add0000_cy<24> (XLXI_8/Madd_clk_1_0_add0000_cy<24>)
     MUXCY:CI->O           1   0.059   0.000  XLXI_8/Madd_clk_1_0_add0000_cy<25> (XLXI_8/Madd_clk_1_0_add0000_cy<25>)
     MUXCY:CI->O           1   0.059   0.000  XLXI_8/Madd_clk_1_0_add0000_cy<26> (XLXI_8/Madd_clk_1_0_add0000_cy<26>)
     MUXCY:CI->O           1   0.059   0.000  XLXI_8/Madd_clk_1_0_add0000_cy<27> (XLXI_8/Madd_clk_1_0_add0000_cy<27>)
     MUXCY:CI->O           1   0.059   0.000  XLXI_8/Madd_clk_1_0_add0000_cy<28> (XLXI_8/Madd_clk_1_0_add0000_cy<28>)
     MUXCY:CI->O           1   0.059   0.000  XLXI_8/Madd_clk_1_0_add0000_cy<29> (XLXI_8/Madd_clk_1_0_add0000_cy<29>)
     XORCY:CI->O           1   0.804   0.424  XLXI_8/Madd_clk_1_0_add0000_xor<30> (XLXI_8/clk_1_0_add0000<30>)
     LUT4:I3->O            1   0.704   0.000  XLXI_8/Mcompar_cnt1_cmp_gt0000_lut<12> (XLXI_8/Mcompar_cnt1_cmp_gt0000_lut<12>)
     MUXCY:S->O            1   0.464   0.000  XLXI_8/Mcompar_cnt1_cmp_gt0000_cy<12> (XLXI_8/Mcompar_cnt1_cmp_gt0000_cy<12>)
     MUXCY:CI->O          34   0.059   1.342  XLXI_8/Mcompar_cnt1_cmp_gt0000_cy<13> (XLXI_8/Mcompar_cnt1_cmp_gt0000_cy<13>)
     LUT2:I1->O            1   0.704   0.000  XLXI_8/Mcount_cnt1_lut<0> (XLXI_8/Mcount_cnt1_lut<0>)
     MUXCY:S->O            1   0.464   0.000  XLXI_8/Mcount_cnt1_cy<0> (XLXI_8/Mcount_cnt1_cy<0>)
     MUXCY:CI->O           1   0.059   0.000  XLXI_8/Mcount_cnt1_cy<1> (XLXI_8/Mcount_cnt1_cy<1>)
     MUXCY:CI->O           1   0.059   0.000  XLXI_8/Mcount_cnt1_cy<2> (XLXI_8/Mcount_cnt1_cy<2>)
     MUXCY:CI->O           1   0.059   0.000  XLXI_8/Mcount_cnt1_cy<3> (XLXI_8/Mcount_cnt1_cy<3>)
     MUXCY:CI->O           1   0.059   0.000  XLXI_8/Mcount_cnt1_cy<4> (XLXI_8/Mcount_cnt1_cy<4>)
     MUXCY:CI->O           1   0.059   0.000  XLXI_8/Mcount_cnt1_cy<5> (XLXI_8/Mcount_cnt1_cy<5>)
     MUXCY:CI->O           1   0.059   0.000  XLXI_8/Mcount_cnt1_cy<6> (XLXI_8/Mcount_cnt1_cy<6>)
     MUXCY:CI->O           1   0.059   0.000  XLXI_8/Mcount_cnt1_cy<7> (XLXI_8/Mcount_cnt1_cy<7>)
     MUXCY:CI->O           1   0.059   0.000  XLXI_8/Mcount_cnt1_cy<8> (XLXI_8/Mcount_cnt1_cy<8>)
     MUXCY:CI->O           1   0.059   0.000  XLXI_8/Mcount_cnt1_cy<9> (XLXI_8/Mcount_cnt1_cy<9>)
     MUXCY:CI->O           1   0.059   0.000  XLXI_8/Mcount_cnt1_cy<10> (XLXI_8/Mcount_cnt1_cy<10>)
     MUXCY:CI->O           1   0.059   0.000  XLXI_8/Mcount_cnt1_cy<11> (XLXI_8/Mcount_cnt1_cy<11>)
     MUXCY:CI->O           1   0.059   0.000  XLXI_8/Mcount_cnt1_cy<12> (XLXI_8/Mcount_cnt1_cy<12>)
     MUXCY:CI->O           1   0.059   0.000  XLXI_8/Mcount_cnt1_cy<13> (XLXI_8/Mcount_cnt1_cy<13>)
     MUXCY:CI->O           1   0.059   0.000  XLXI_8/Mcount_cnt1_cy<14> (XLXI_8/Mcount_cnt1_cy<14>)
     MUXCY:CI->O           1   0.059   0.000  XLXI_8/Mcount_cnt1_cy<15> (XLXI_8/Mcount_cnt1_cy<15>)
     MUXCY:CI->O           1   0.059   0.000  XLXI_8/Mcount_cnt1_cy<16> (XLXI_8/Mcount_cnt1_cy<16>)
     MUXCY:CI->O           1   0.059   0.000  XLXI_8/Mcount_cnt1_cy<17> (XLXI_8/Mcount_cnt1_cy<17>)
     MUXCY:CI->O           1   0.059   0.000  XLXI_8/Mcount_cnt1_cy<18> (XLXI_8/Mcount_cnt1_cy<18>)
     MUXCY:CI->O           1   0.059   0.000  XLXI_8/Mcount_cnt1_cy<19> (XLXI_8/Mcount_cnt1_cy<19>)
     MUXCY:CI->O           1   0.059   0.000  XLXI_8/Mcount_cnt1_cy<20> (XLXI_8/Mcount_cnt1_cy<20>)
     MUXCY:CI->O           1   0.059   0.000  XLXI_8/Mcount_cnt1_cy<21> (XLXI_8/Mcount_cnt1_cy<21>)
     MUXCY:CI->O           1   0.059   0.000  XLXI_8/Mcount_cnt1_cy<22> (XLXI_8/Mcount_cnt1_cy<22>)
     MUXCY:CI->O           1   0.059   0.000  XLXI_8/Mcount_cnt1_cy<23> (XLXI_8/Mcount_cnt1_cy<23>)
     MUXCY:CI->O           1   0.059   0.000  XLXI_8/Mcount_cnt1_cy<24> (XLXI_8/Mcount_cnt1_cy<24>)
     MUXCY:CI->O           1   0.059   0.000  XLXI_8/Mcount_cnt1_cy<25> (XLXI_8/Mcount_cnt1_cy<25>)
     MUXCY:CI->O           1   0.059   0.000  XLXI_8/Mcount_cnt1_cy<26> (XLXI_8/Mcount_cnt1_cy<26>)
     MUXCY:CI->O           1   0.059   0.000  XLXI_8/Mcount_cnt1_cy<27> (XLXI_8/Mcount_cnt1_cy<27>)
     MUXCY:CI->O           1   0.059   0.000  XLXI_8/Mcount_cnt1_cy<28> (XLXI_8/Mcount_cnt1_cy<28>)
     MUXCY:CI->O           1   0.059   0.000  XLXI_8/Mcount_cnt1_cy<29> (XLXI_8/Mcount_cnt1_cy<29>)
     MUXCY:CI->O           0   0.059   0.000  XLXI_8/Mcount_cnt1_cy<30> (XLXI_8/Mcount_cnt1_cy<30>)
     XORCY:CI->O           1   0.804   0.000  XLXI_8/Mcount_cnt1_xor<31> (XLXI_8/Mcount_cnt131)
     FDE:D                     0.308          XLXI_8/cnt1_31
    ----------------------------------------
    Total                     11.880ns (9.492ns logic, 2.388ns route)
                                       (79.9% logic, 20.1% route)

=========================================================================
Timing constraint: Default OFFSET IN BEFORE for Clock 'XLXI_8/clk_1_0'
  Total number of paths / destination ports: 4 / 4
-------------------------------------------------------------------------
Offset:              2.716ns (Levels of Logic = 1)
  Source:            CLR (PAD)
  Destination:       XLXI_1 (FF)
  Destination Clock: XLXI_8/clk_1_0 rising

  Data Path: CLR to XLXI_1
                                Gate     Net
    Cell:in->out      fanout   Delay   Delay  Logical Name (Net Name)
    ----------------------------------------  ------------
     IBUF:I->O             4   1.218   0.587  CLR_IBUF (CLR_IBUF)
     FDRS:R                    0.911          XLXI_1
    ----------------------------------------
    Total                      2.716ns (2.129ns logic, 0.587ns route)
                                       (78.4% logic, 21.6% route)

=========================================================================
Timing constraint: Default OFFSET OUT AFTER for Clock 'XLXI_8/clk_1_0'
  Total number of paths / destination ports: 4 / 4
-------------------------------------------------------------------------
Offset:              4.310ns (Levels of Logic = 1)
  Source:            XLXI_1 (FF)
  Destination:       Q<0> (PAD)
  Source Clock:      XLXI_8/clk_1_0 rising

  Data Path: XLXI_1 to Q<0>
                                Gate     Net
    Cell:in->out      fanout   Delay   Delay  Logical Name (Net Name)
    ----------------------------------------  ------------
     FDRS:C->Q             2   0.591   0.447  XLXI_1 (Q_0_OBUF)
     OBUF:I->O                 3.272          Q_0_OBUF (Q<0>)
    ----------------------------------------
    Total                      4.310ns (3.863ns logic, 0.447ns route)
                                       (89.6% logic, 10.4% route)

=========================================================================


Total REAL time to Xst completion: 7.00 secs
Total CPU time to Xst completion: 7.07 secs
 
--> 

Total memory usage is 264736 kilobytes

Number of errors   :    0 (   0 filtered)
Number of warnings :  141 (   0 filtered)
Number of infos    :    1 (   0 filtered)

