--------------------------------------------------------------------------------
Release 14.7 Trace  (nt64)
Copyright (c) 1995-2013 Xilinx, Inc.  All rights reserved.

C:\Xilinx\14.7\ISE_DS\ISE\bin\nt64\unwrapped\trce.exe -intstyle ise -v 3 -s 4
-n 3 -fastpaths -xml decoder.twx decoder.ncd -o decoder.twr decoder.pcf -ucf
decoder.ucf

Design file:              decoder.ncd
Physical constraint file: decoder.pcf
Device,package,speed:     xc3s100e,cp132,-4 (PRODUCTION 1.27 2013-10-13)
Report level:             verbose report

Environment Variable      Effect 
--------------------      ------ 
NONE                      No environment variables were set
--------------------------------------------------------------------------------

INFO:Timing:2698 - No timing constraints found, doing default enumeration.
INFO:Timing:3412 - To improve timing, see the Timing Closure User Guide (UG612).
INFO:Timing:2752 - To get complete path coverage, use the unconstrained paths 
   option. All paths that are not constrained will be reported in the 
   unconstrained paths section(s) of the report.
INFO:Timing:3339 - The clock-to-out numbers in this timing report are based on 
   a 50 Ohm transmission line loading model.  For the details of this model, 
   and for more information on accounting for different loading conditions, 
   please see the device datasheet.
INFO:Timing:3390 - This architecture does not support a default System Jitter 
   value, please add SYSTEM_JITTER constraint to the UCF to modify the Clock 
   Uncertainty calculation.
INFO:Timing:3389 - This architecture does not support 'Discrete Jitter' and 
   'Phase Error' calculations, these terms will be zero in the Clock 
   Uncertainty calculation.  Please make appropriate modification to 
   SYSTEM_JITTER to account for the unsupported Discrete Jitter and Phase 
   Error.



Data Sheet report:
-----------------
All values displayed in nanoseconds (ns)

Pad to Pad
---------------+---------------+---------+
Source Pad     |Destination Pad|  Delay  |
---------------+---------------+---------+
Ain<0>         |A              |   10.357|
Ain<0>         |B              |    9.968|
Ain<0>         |C              |    9.931|
Ain<0>         |D              |   10.356|
Ain<0>         |E              |   10.192|
Ain<1>         |A              |   10.378|
Ain<1>         |B              |   10.330|
Ain<1>         |C              |    9.752|
Ain<1>         |D              |   10.359|
Ain<1>         |E              |    9.881|
Ain<2>         |A              |    9.517|
Ain<2>         |B              |    9.255|
Ain<2>         |C              |    9.091|
Ain<2>         |D              |    9.516|
Ain<2>         |E              |    9.379|
Ain<3>         |A              |   10.215|
Ain<3>         |B              |    9.024|
Ain<3>         |C              |    9.789|
Ain<3>         |D              |   10.214|
Ain<3>         |E              |   10.115|
---------------+---------------+---------+


Analysis completed Sun Feb 26 00:24:44 2017 
--------------------------------------------------------------------------------

Trace Settings:
-------------------------
Trace Settings 

Peak Memory Usage: 162 MB



