--------------------------------------------------------------------------------
Release 14.7 Trace  (nt64)
Copyright (c) 1995-2013 Xilinx, Inc.  All rights reserved.

C:\Xilinx\14.7\ISE_DS\ISE\bin\nt64\unwrapped\trce.exe -intstyle ise -v 3 -s 4
-n 3 -fastpaths -xml L7exp9final.twx L7exp9final.ncd -o L7exp9final.twr
L7exp9final.pcf -ucf L7exp9final.ucf

Design file:              L7exp9final.ncd
Physical constraint file: L7exp9final.pcf
Device,package,speed:     xc3s100e,cp132,-4 (PRODUCTION 1.27 2013-10-13)
Report level:             verbose report

Environment Variable      Effect 
--------------------      ------ 
NONE                      No environment variables were set
--------------------------------------------------------------------------------

INFO:Timing:2698 - No timing constraints found, doing default enumeration.
INFO:Timing:3412 - To improve timing, see the Timing Closure User Guide (UG612).
INFO:Timing:2752 - To get complete path coverage, use the unconstrained paths 
   option. All paths that are not constrained will be reported in the 
   unconstrained paths section(s) of the report.
INFO:Timing:3339 - The clock-to-out numbers in this timing report are based on 
   a 50 Ohm transmission line loading model.  For the details of this model, 
   and for more information on accounting for different loading conditions, 
   please see the device datasheet.
INFO:Timing:3390 - This architecture does not support a default System Jitter 
   value, please add SYSTEM_JITTER constraint to the UCF to modify the Clock 
   Uncertainty calculation.
INFO:Timing:3389 - This architecture does not support 'Discrete Jitter' and 
   'Phase Error' calculations, these terms will be zero in the Clock 
   Uncertainty calculation.  Please make appropriate modification to 
   SYSTEM_JITTER to account for the unsupported Discrete Jitter and Phase 
   Error.



Data Sheet report:
-----------------
All values displayed in nanoseconds (ns)

Clock to Setup on destination clock CLK
---------------+---------+---------+---------+---------+
               | Src:Rise| Src:Fall| Src:Rise| Src:Fall|
Source Clock   |Dest:Rise|Dest:Rise|Dest:Fall|Dest:Fall|
---------------+---------+---------+---------+---------+
CLK            |   11.485|         |         |         |
---------------+---------+---------+---------+---------+

Pad to Pad
---------------+---------------+---------+
Source Pad     |Destination Pad|  Delay  |
---------------+---------------+---------+
Addrbits<0>    |Qout<0>        |    9.955|
Addrbits<0>    |Qout<1>        |   10.493|
Addrbits<0>    |Qout<2>        |    9.035|
Addrbits<0>    |Qout<3>        |   10.152|
Addrbits<1>    |Qout<0>        |   10.393|
Addrbits<1>    |Qout<1>        |   10.865|
Addrbits<1>    |Qout<2>        |    9.525|
Addrbits<1>    |Qout<3>        |   10.235|
Addrbits<2>    |Qout<0>        |    7.710|
Addrbits<2>    |Qout<1>        |    8.315|
Addrbits<2>    |Qout<2>        |    8.373|
Addrbits<2>    |Qout<3>        |    8.016|
---------------+---------------+---------+


Analysis completed Tue Mar 15 13:27:44 2016 
--------------------------------------------------------------------------------

Trace Settings:
-------------------------
Trace Settings 

Peak Memory Usage: 169 MB



