Release 14.7 - ngc2edif P.20131013 (nt)
Copyright (c) 1995-2013 Xilinx, Inc.  All rights reserved.
Reading design L7exp9final.ngc ...
WARNING:NetListWriters:298 - No output is written to L7exp9final.xncf, ignored.
Processing design ...
   Preping design's networks ...
   Preping design's macros ...
  finished :Prep
Writing EDIF netlist file L7exp9final.edif ...
ngc2edif: Total memory usage is 69556 kilobytes

Release 14.7 - ngc2edif P.20131013 (nt)
Copyright (c) 1995-2013 Xilinx, Inc.  All rights reserved.
Reading design L7exp9final.ngc ...
WARNING:NetListWriters:298 - No output is written to L7exp9final.xncf, ignored.
Processing design ...
   Preping design's networks ...
   Preping design's macros ...
  finished :Prep
Writing EDIF netlist file L7exp9final.edif ...
ngc2edif: Total memory usage is 70388 kilobytes

Release 14.7 - ngc2edif P.20131013 (nt)
Copyright (c) 1995-2013 Xilinx, Inc.  All rights reserved.
Reading design L7exp9final.ngc ...
WARNING:NetListWriters:298 - No output is written to L7exp9final.xncf, ignored.
Processing design ...
   Preping design's networks ...
   Preping design's macros ...
  finished :Prep
Writing EDIF netlist file L7exp9final.edif ...
ngc2edif: Total memory usage is 70004 kilobytes

Release 14.7 - ngc2edif P.20131013 (nt)
Copyright (c) 1995-2013 Xilinx, Inc.  All rights reserved.
Reading design L7exp9final.ngc ...
WARNING:NetListWriters:298 - No output is written to L7exp9final.xncf, ignored.
Processing design ...
   Preping design's networks ...
   Preping design's macros ...
  finished :Prep
Writing EDIF netlist file L7exp9final.edif ...
ngc2edif: Total memory usage is 74388 kilobytes

Release 14.7 - ngc2edif P.20131013 (nt)
Copyright (c) 1995-2013 Xilinx, Inc.  All rights reserved.
Reading design L7exp9final.ngc ...
WARNING:NetListWriters:298 - No output is written to L7exp9final.xncf, ignored.
Processing design ...
   Preping design's networks ...
   Preping design's macros ...
WARNING:NetListWriters:306 - Signal bus XLXI_15/Mcompar_cnt1_cmp_gt0000_lut<13 :
   0> on block L7exp9final is not reconstructed, because there are some missing
   bus signals.
  finished :Prep
Writing EDIF netlist file L7exp9final.edif ...
ngc2edif: Total memory usage is 74068 kilobytes

