#-----------------------------------------------------------
# PlanAhead v14.7 (64-bit)
# Build 321239 by xbuild on Fri Sep 27 19:29:51 MDT 2013
# Start of session at: Tue Feb 21 11:01:42 2017
# Process ID: 6448
# Log file: C:/Users/rjuan/Desktop/ISEProjects/lab5/experiment2/planAhead_run_1/planAhead.log
# Journal file: C:/Users/rjuan/Desktop/ISEProjects/lab5/experiment2/planAhead_run_1/planAhead.jou
#-----------------------------------------------------------
INFO: [Common 17-78] Attempting to get a license: PlanAhead
INFO: [Common 17-290] Got license for PlanAhead
INFO: [Common 17-86] Your PlanAhead license expires in -1209 day(s)
INFO: [Device 21-36] Loading parts and site information from C:/Xilinx/14.7/ISE_DS/PlanAhead/data/parts/arch.xml
Parsing RTL primitives file [C:/Xilinx/14.7/ISE_DS/PlanAhead/data/parts/xilinx/rtl/prims/rtl_prims.xml]
Finished parsing RTL primitives file [C:/Xilinx/14.7/ISE_DS/PlanAhead/data/parts/xilinx/rtl/prims/rtl_prims.xml]
start_gui
source C:/Users/rjuan/Desktop/ISEProjects/lab5/experiment2/pa.fromNetlist.tcl
# create_project -name experiment2 -dir "C:/Users/rjuan/Desktop/ISEProjects/lab5/experiment2/planAhead_run_1" -part xc3s100ecp132-4
# set_property design_mode GateLvl [get_property srcset [current_run -impl]]
# set_property edif_top_file "C:/Users/rjuan/Desktop/ISEProjects/lab5/experiment2/ex2.ngc" [ get_property srcset [ current_run ] ]
# add_files -norecurse { {C:/Users/rjuan/Desktop/ISEProjects/lab5/experiment2} }
# set_param project.pinAheadLayout  yes
# set_property target_constrs_file "ex2.ucf" [current_fileset -constrset]
Adding file 'C:/Users/rjuan/Desktop/ISEProjects/lab5/experiment2/ex2.ucf' to fileset 'constrs_1'
# add_files [list {ex2.ucf}] -fileset [get_property constrset [current_run]]
# link_design
Design is defaulting to srcset: sources_1
Design is defaulting to constrset: constrs_1
Design is defaulting to project part: xc3s100ecp132-4
Release 14.7 - ngc2edif P.20131013 (nt64)
Copyright (c) 1995-2013 Xilinx, Inc.  All rights reserved.
Reading design ex2.ngc ...
WARNING:NetListWriters:298 - No output is written to ex2.xncf, ignored.
Processing design ...
   Preping design's networks ...
   Preping design's macros ...
  finished :Prep
Writing EDIF netlist file ex2.edif ...
ngc2edif: Total memory usage is 86668 kilobytes

[0x7FFE67E370E3] ANOMALY: use of REX.w is meaningless (default operand size is 64)
[0x7FFE67E370E3] ANOMALY: use of REX.w is meaningless (default operand size is 64)
Parsing EDIF File [./planAhead_run_1/experiment2.data/cache/ex2_ngc_zx.edif]
Finished Parsing EDIF File [./planAhead_run_1/experiment2.data/cache/ex2_ngc_zx.edif]
INFO: [Designutils 20-910] Reading macro library C:/Xilinx/14.7/ISE_DS/PlanAhead/data\./parts/xilinx/spartan3e/spartan3e/hd_int_macros.edn
Parsing EDIF File [C:/Xilinx/14.7/ISE_DS/PlanAhead/data\./parts/xilinx/spartan3e/spartan3e/hd_int_macros.edn]
Finished Parsing EDIF File [C:/Xilinx/14.7/ISE_DS/PlanAhead/data\./parts/xilinx/spartan3e/spartan3e/hd_int_macros.edn]
Loading clock regions from C:/Xilinx/14.7/ISE_DS/PlanAhead/data\parts/xilinx/spartan3e/spartan3e/xc3s100e/ClockRegion.xml
Loading clock buffers from C:/Xilinx/14.7/ISE_DS/PlanAhead/data\parts/xilinx/spartan3e/spartan3e/xc3s100e/ClockBuffers.xml
Loading package from C:/Xilinx/14.7/ISE_DS/PlanAhead/data\parts/xilinx/spartan3e/spartan3e/xc3s100e/cp132/Package.xml
Loading io standards from C:/Xilinx/14.7/ISE_DS/PlanAhead/data\./parts/xilinx/spartan3e/IOStandards.xml
INFO: [Device 21-19] Loading pkg sso from C:/Xilinx/14.7/ISE_DS/PlanAhead/data\parts/xilinx/spartan3e/spartan3e/xc3s100e/cp132/SSORules.xml
Loading list of drcs for the architecture : C:/Xilinx/14.7/ISE_DS/PlanAhead/data\./parts/xilinx/spartan3e/spartan3e/drc.xml
INFO: [Timing 38-77] Reading timing library C:/Xilinx/14.7/ISE_DS/PlanAhead/data\parts/xilinx/spartan3e/spartan3e/spartan3e-4.lib.
INFO: [Timing 38-34] Done reading timing library C:/Xilinx/14.7/ISE_DS/PlanAhead/data\parts/xilinx/spartan3e/spartan3e/spartan3e-4.lib.
Parsing UCF File [C:/Users/rjuan/Desktop/ISEProjects/lab5/experiment2/ex2.ucf]
Finished Parsing UCF File [C:/Users/rjuan/Desktop/ISEProjects/lab5/experiment2/ex2.ucf]
INFO: [Project 1-111] Unisim Transformation Summary:
No Unisim elements were transformed.

Phase 0 | Netlist Checksum: b9bdeea8
link_design: Time (s): elapsed = 00:00:12 . Memory (MB): peak = 578.773 ; gain = 115.602
startgroup
set_property package_pin P11 [get_ports {A[3]}]
endgroup
startgroup
set_property package_pin L3 [get_ports {A[2]}]
endgroup
startgroup
set_property package_pin K3 [get_ports {A[1]}]
endgroup
startgroup
set_property package_pin B4 [get_ports {A[0]}]
endgroup
startgroup
set_property package_pin G3 [get_ports {B[3]}]
endgroup
startgroup
set_property package_pin F3 [get_ports {B[2]}]
endgroup
startgroup
set_property package_pin E2 [get_ports {B[1]}]
endgroup
startgroup
set_property package_pin N3 [get_ports {B[0]}]
endgroup
startgroup
set_property package_pin A7 [get_ports Sub]
endgroup
startgroup
set_property package_pin P6 [get_ports S0]
endgroup
startgroup
set_property package_pin P7 [get_ports S1]
endgroup
startgroup
set_property package_pin M11 [get_ports S2]
endgroup
startgroup
set_property package_pin M5 [get_ports S3]
endgroup
startgroup
set_property package_pin N5 [get_ports cout]
endgroup
save_constraints
exit
ERROR: [PlanAhead 12-106] *** Exception: ui.h.b: Found deleted key in HTclEventBroker. Verify if the classes listed here call cleanup()
HTclEvent: DEBUG_PORT_CONFIG_CHANGE   Classes: ui.views.aR 
HTclEvent: DEBUG_CORE_CONFIG_CHANGE   Classes: ui.views.aR 
HTclEvent: SIGNAL_MODIFY   Classes: ui.views.aR 
HTclEvent: SIGNAL_BUS_MODIFY   Classes: ui.views.aR 
 (See C:/Users/rjuan/Desktop/ISEProjects/lab5/experiment2\planAhead_pid6448.debug)
ERROR: [Common 17-39] 'stop_gui' failed due to earlier errors.
INFO: [Common 17-206] Exiting PlanAhead at Tue Feb 21 11:04:41 2017...
INFO: [Common 17-83] Releasing license: PlanAhead
