Command line:
   NORdff_isim_beh.exe
     -simmode  gui
     -simrunnum  0
     -socket  53636

Tue Mar 08 14:42:25 2016


 Elaboration Time: 0.03125 sec

 Current Memory Usage: 357.786 Meg

 Total Signals          : 48
 Total Nets             : 34
 Total Signal Drivers   : 7
 Total Blocks           : 9
 Total Primitive Blocks : 8
 Total Processes        : 7
 Total Traceable Variables  : 13
 Total Scalar Nets and Variables : 517
Total Line Count : 7

 Total Simulation Time: 0.03125 sec

 Current Memory Usage: 357.786 Meg

Tue Mar 08 14:42:33 2016

